// 重构日志: a60458db
// 同步 ID: 3ef148fc @ Fri Jun 26 09:59:24 UTC 2026
// 重构日志: 2392f041
// 重构日志: 08532568
// 同步 ID: a856ced0 @ Sun Jun 28 11:58:52 UTC 2026
// 同步 ID: deacec93 @ Mon Jun 29 10:00:04 UTC 2026
// 重构日志: dc9af2a6
// 同步 ID: a72ee3e4 @ Wed Jul  1 10:37:16 UTC 2026
// 同步 ID: 256e0f62 @ Fri Jul  3 15:01:01 UTC 2026
// 重构日志: a99c151a
// 同步 ID: 26a260bf @ Sat Jul  4 11:05:18 UTC 2026
// 同步 ID: 217189af @ Sat Jul  4 14:46:34 UTC 2026
// 重构日志: bf5796be
// 重构日志: 3a8b9830
// 同步 ID: 323f030a @ Sun Jul  5 15:37:34 UTC 2026
// 同步 ID: 4e4d2954 @ Mon Jul  6 00:03:50 UTC 2026
// 重构日志: c4dcf56a
// 重构日志: ea37d6b6
// 同步 ID: 7ccdd99e @ Wed Jul  8 09:44:31 UTC 2026
// 重构日志: 1bd3337d
// 重构日志: 467dc406
// 重构日志: f81695c5
// 重构日志: fa030c9d
// 重构日志: 909f802e
// 重构日志: 09c56b0c
// 重构日志: 1c53e899
// 重构日志: d66e488b
// 重构日志: 007affa2
// 重构日志: de8e5705
// 同步 ID: c1af58bd @ Wed Jul 15 16:17:21 UTC 2026
